0.5827515500131994
0.39140968999709
0.4993151720263995
0.4631167829793412
0.5005044980207458
0.388854965014616
0.5216677339922171
0.4589531260135118
0.49127099200268276
0.5288767520105466
0.4302126689872239
0.481479523004964
0.5492010540037882
0.4752926329965703
0.47529430899885483
0.45875973501824774
0.4617222619999666
0.5077503219945356
0.4791308310232125
0.43330943101318553
0.49891616799868643
0.5062052940193098
0.5389195790048689
0.4863047179824207
0.4640725610079244
0.4609293550020084
0.4591317099984735
0.4809603930043522
0.4664438130275812
0.4618523760000244
0.4608738310053013
0.46166108100442216
0.4453835220192559
0.46089583000866696
0.459045524999965
0.4606882620137185
0.3954960340051912
0.4846084130113013
0.44836846899124794
0.3916638429800514
0.49247135399491526
0.48082518100272864
0.4810763990099076
0.4843296069884673
0.4927685980219394
0.5064333249756601
0.46758061900618486
0.4736413760110736
0.4777525129902642
0.4688391590025276
0.5311294819985051
0.5101393829972949
0.4712560859916266
0.5114763540041167
0.46125006600050256
0.4757164300244767
0.5001595520006958
0.4811157899966929
0.47997940197819844
0.5002601239830256
0.49506113899406046
0.6036078329780139
0.45979764600633644
0.3868109899922274
0.48292167601175606
0.46309534201282077
0.4659496149979532
0.4972133679839317
0.4882883500249591
0.47104837800725363
0.45545128401136026
0.41152670298470184
0.4512211359979119
0.4853870030201506
0.47209515899885446
0.48667054701945744
0.45269681300851516
0.46391346299787983
0.45951171501656063
0.4640415519825183
0.4572140770033002
0.46258989998023026
0.44388235500082374
0.46693898699595593
0.47915157402167097
0.49144280201289803
0.4540645839879289
0.4620850880164653
0.5273036470171064
0.45076828499441035
0.4509706849930808
0.5101882719900459
0.4591192770167254
0.456741111993324
0.4523577330110129
0.4711024359858129
0.45923856599256396
0.46748675202252343
0.4532720950082876
0.4773779539973475
