132.67700788300135
132.8270567120053
132.3482820019999
131.1622584160068
131.28569953201804
134.84322140799486
133.96869714101194
132.6012101850065
132.58380043000216
131.12801565398695
132.03974611900048
133.88675285098725
132.7741154129908
128.53478330301004
134.58980482499464
129.91526730099577
130.522162563022
130.87444388397853
129.0028403789911
130.44325748700066
131.4284354209958
136.9730557949806
133.61697070900118
132.6519682460057
131.89748305699322
130.60593592599616
129.91332892599166
129.6152289370075
131.60464421199868
131.70527565298835
131.89792654899065
128.6603013590211
134.07967235599062
132.2996710720181
129.74268068899983
133.34188866100158
131.15087170302286
131.39163821400143
131.08616019200417
131.53618662399822
133.43882801299333
132.61200303802616
130.6689430999977
133.72483002499212
132.64789454400307
132.51586658100132
132.7929027180071
132.31256195600145
133.60224879501038
134.59349593598745
133.0791824189946
130.57133934801095
135.04971240099985
134.82125080699916
131.66872282102122
131.3877366000088
133.19188515798305
134.32199087901972
132.71371387699037
133.3551401369914
148.26285375098814
139.57818875199882
130.21006596199004
130.6080269739905
130.97719179600244
130.3635881379887
131.09891900699586
129.77747973700752
131.06010143097956
129.92199769601575
129.68081988900667
131.0486108630139
128.68110218801303
129.85064819001127
131.4331525019952
129.1473653909925
129.28828910799348
131.06274785698042
131.75336577699636
128.5964348569978
127.96235890401294
130.21611945601762
131.68847784699756
129.3797894300078
131.6060452980164
129.5381831060222
128.01154455801588
130.6692184850108
130.08967914502136
128.2944637759938
128.38057654199656
129.9425521250232
129.81825140299043
128.91804356200737
128.99989621900022
131.21590930299135
131.61233471499872
126.92137415299658
129.30693596199853
127.78766350500518
