137.4154030380305
169.70147642795928
185.3707880770089
162.2542021619738
155.657535574981
159.3322319869767
155.14098078099778
158.23757825995563
162.45385981397703
160.77208030800102
144.80772255000193
135.39125653199153
135.52736406296026
171.34302442101762
153.49488535197452
173.90643852599896
181.57351965398993
178.55256419599755
179.67399632796878
156.2153605609783
137.15415424399544
136.66829071298707
159.8466985959676
147.41227736102883
146.5189824810368
142.12498021195643
134.8488191170036
135.33133669098606
134.0233854490216
135.0854194550193
134.2527605679934
134.13659914804157
134.90368964202935
134.18516223598272
135.38597303797724
134.68915481801378
134.69432977895485
133.8448405379895
135.04202832299052
134.17620271700434
133.92183692200342
132.5355338170193
133.9848982229596
134.34573705599178
132.5955142090097
132.35469056898728
132.54780520999338
131.98590756900376
131.93962619500235
131.62761067895917
131.27507353096735
130.89282855403144
131.4179038440343
132.34672077099094
131.5654041649541
133.5008025150164
133.0738288749708
132.61699976300588
132.71977093303576
133.60295977897476
131.96054875699338
129.43693880701903
131.59797492803773
131.72998801397625
132.08327707397984
132.10241232800763
132.13062080403324
133.45479380094912
132.3632989259786
130.08189463597955
132.5241344620008
132.6024164140108
132.72581262205495
134.03054075903492
132.98254031100078
133.299949807988
133.43118234799476
133.16505430196412
133.64578345103655
131.36287156696199
132.02574426901992
133.70658608496888
132.92456708702957
132.71120601601433
131.86193586798618
131.3979288180126
133.26658425299684
131.97090964199742
132.78182707796805
132.44279597699642
133.280794928025
133.7603857339709
132.3353244890459
132.34157367696753
131.85513255896512
132.36058670899365
132.64242729800753
133.60658957099076
133.3819983699941
134.0330996029661
131.82173997501377
133.01480027998332
132.84172456897795
132.38331334199756
132.78693834197475
131.53272570797708
131.68328319198918
132.8105682330206
132.0880399000016
131.89401571598137
133.35346750705503
132.29330105695408
132.896457506984
132.88073958602035
132.1012471659924
132.04876695899293
132.17857159400592
133.46174154197797
132.49882726400392
133.18425772199407
132.984443135967
131.9204148830031
133.07934933900833
132.36019266501535
132.94825194199802
132.82007467898075
132.77868833998218
133.0763196949847
132.35429072700208
132.86169749998953
134.22447407996515
132.8226093580015
131.76820669998415
131.55249148904113
132.9401824810193
131.614868417033
131.6578958160244
132.58661740698153
132.5191976610222
132.39490357297473
132.3318669250002
131.14409283798886
131.23711514199385
132.05050607700832
132.90148300596047
132.38629305100767
132.8727935340139
132.51742187701166
133.50189553096425
130.57272367202677
131.74718580103945
133.53576862299815
132.00528587104054
133.14419648301555
132.2394669080386
133.3121701470227
131.8927491439972
131.4601886899909
131.5688225470367
132.38609218696365
132.07951681897976
131.9237718039658
130.6748067640001
131.71515435300535
133.39076771197142
131.99613226298243
132.03521432797424
131.9300142879947
131.7717489110073
132.53192525700433
133.19093315198552
132.0089354980155
133.16397965501528
132.24155879404861
130.92316656000912
132.43917959497776
132.01581940299366
131.85858676902717
131.75869829801377
132.45307249302277
132.33495034801308
131.95274958200753
133.63750998297473
132.70283644704614
132.5214286710252
132.42610977601726
132.9320856409613
132.56645660300273
134.08942960196873
133.79630133503815
133.2563158380217
133.49498487601522
132.45737387699774
133.47435662400676
133.95245492103277
133.7018150180229
133.90108072099974
133.81718918599654
133.24589063000167
133.7504250400234
133.50136697199196
133.2745497209835
133.56233310501557
132.969632524997
133.78476627904456
133.2132790100295
132.4950668690144
132.39044190198183
130.56424605700886
132.29415787104517
133.11345018498832
131.8649799709674
131.47127180395182
131.46964960102923
132.9557434670278
133.6879971990129
132.70908989501186
131.53230700903805
133.09513291099574
133.03994418901857
133.86055224202573
132.9106614079792
134.05781419901177
132.997945901996
133.03533431497635
132.68617196701234
131.79049920098623
132.72760495904367
131.99805911397561
131.5897764689871
131.36722896399442
132.71667424001498
131.13651603698963
132.60673581802985
132.90409856301267
132.4756028720294
132.71952425298514
131.60607218596851
131.8564654100337
132.73310014099116
132.38051033299416
133.07481719896896
132.8748465179815
132.2686923420406
131.7152936179773
133.7972561350325
132.31059019704117
131.82216020999476
131.1124119940214
132.66640045901295
133.08523605199298
132.87406904500676
132.79409379104618
132.93708236597013
133.4267847230076
132.86204049101798
133.5166504100198
133.27447485097218
130.87249377503758
132.39001000399003
131.88493118004408
130.45726625202224
133.27695393702015
132.45261538104387
130.43411882501096
131.26868486899184
131.88179209502414
131.14913042000262
131.20640886301408
131.71602639200864
132.06656412396114
131.6585022470099
131.93167134199757
131.49791066604666
130.08440612797858
129.8174470399972
128.8522327489918
129.56246608204674
130.73244139895542
132.0330810950254
131.5917729520006
131.70839483500458
135.5861558970064
133.39875587902498
139.37349966500187
133.42650458897697
132.78230025200173
132.7862517319736
132.14126552297967
131.34770581196062
133.55279299395625
132.48494561004918
131.9544956840109
132.2753579239943
131.6477988610277
131.9319552470115
133.85055837401887
132.33003030897817
133.2834248720319
131.6286177909933
132.16083246696508
131.29928477900103
132.53389317495748
131.2691274540266
131.7832996119978
132.01864385500085
130.83381099201506
133.4590712300269
130.93301110801985
131.11135250201914
130.58978317299625
131.4527575779939
132.08043418399757
131.75580302800518
132.0764042030205
131.8973932399531
132.52038321702275
133.2158111759927
133.97050686797593
132.86938136798562
132.5988067369908
132.7884205839946
133.4643939739908
133.28283520200057
132.61698698200053
132.48808651196305
132.9944515330135
131.83208905596985
132.16176638496108
132.3640689960448
131.92929506202927
132.15307659294922
131.99902383203153
131.99438336701132
132.65140483598225
132.10910591698484
132.65887073002523
132.92562692897627
133.2558557940065
133.50689497898566
132.0402239030227
131.66112639399944
131.69450088898884
132.4770735889906
131.06402099400293
131.4104068710003
133.40925211599097
133.3042747299769
132.0639220290468
132.85402320098365
132.36826617701445
133.11683469300624
131.91038302099332
132.27627871203003
131.20547256997088
131.47141951799858
132.1219928910141
132.54757857497316
132.43527644395363
130.90922148997197
132.47396788699552
133.31381644599605
133.12094911304303
134.2985355919809
133.59502818400506
133.81937256403035
132.95337996899616
130.93044381198706
131.13797027198598
131.9939699069946
131.27083074202528
132.31291528395377
132.01582526997663
132.36885836103465
132.74489291198552
132.85005048802122
131.6304901659605
133.75231822795467
132.10747260798234
131.5466897750157
132.70711087202653
131.75335236696992
132.32515839097323
133.14092546602478
133.09526798396837
131.66294184798608
133.04272086900892
133.24224826699356
132.0065886210068
133.2337744940305
132.6532775600208
133.44188936596038
132.94814019597834
132.41541183699155
132.47080686996924
132.41031817300245
132.1830903950031
132.28580324701034
132.38351287896512
131.17310218297644
132.60324172797846
131.54985910200048
132.31170535297133
132.50788246595766
132.35551853699144
133.21545519505162
133.9469132249942
131.39084467699286
134.10330748400884
131.2170674810186
132.6313633209793
132.08033417200204
131.54487634496763
133.9380558130215
133.04761206300464
131.39987578400178
132.05579424998723
132.74866510904394
133.4072337030084
133.1693235609564
131.38199578598142
132.10020709002856
130.91174876701552
132.92356919503072
132.0089850150398
129.22889489296358
129.63290492800297
130.7093642320251
130.6078728340217
130.8328596149804
130.91531318699708
130.9169716379838
131.02250419202028
132.93261831998825
132.91154036100488
132.7301716270158
133.1448501269915
133.5844950710307
132.90157100604847
132.25808219396276
131.76573026797269
131.88707209500717
133.33578781603137
133.2120198420016
132.2959417559905
133.6571533330134
133.30537291400833
131.71029326098505
131.86447103699902
132.34627064300003
132.35286184499273
132.28659489797428
132.31108683999628
130.61048105702503
132.37680175999412
131.40095937100705
132.2102851239615
132.11513622198254
131.9557767820079
130.80020315700676
132.45468289300334
130.68230290000793
132.89025336597115
133.77656446699984
133.72696067404468
133.898028237978
133.5907254019985
134.65432357403915
133.24835609697038
131.536944401043
133.9223346110084
133.24513816001127
133.36799372598762
133.2386567479698
132.42648789699888
131.82755705504678
131.60014608397614
131.55639366200194
133.0382547280169
133.94046317302855
133.21820617397316
133.51932882302208
132.84418388997437
131.44273018598324
131.02852576697478
130.25491901196074
131.42110983800376
130.88127694599098
131.30037346598692
130.58418441703543
131.09189073898597
132.9883018679684
132.82225344795734
131.8821213960182
131.21266678196844
131.72470263502328
132.19851854402805
132.6472833629814
133.38770971103804
133.00090207299218
132.78421753598377
132.79395110503538
131.9955575389904
132.22269759699702
133.63127629895462
132.55996967601823
130.93945522297872
133.01252827304415
132.0613599009812
132.87606385198887
132.51277226302773
132.9308660029783
131.64424233400496
133.56767121399753
131.3445064520347
133.04112576402258
132.03401801700238
132.88527906005038
131.05116656597238
131.63100231200224
132.61191441002302
131.51233624399174
132.69869548699353
131.18780691700522
130.7181019349955
131.8727035089978
131.90229714597808
131.15830463101156
133.050105257018
130.4794990370283
131.77393892401597
132.43416610796703
131.98332029901212
132.0736026589875
132.54444423801033
131.1950704799965
130.98086083703674
131.7982507449924
133.34172020398546
132.84528773196507
132.92951310699573
133.19675309601007
131.64589121600147
131.87909133196808
131.7494838590501
133.8618508009822
131.91922758100554
133.4145786310546
133.05699119000928
131.61036987003172
132.83948133699596
132.19545523601118
132.1335208239616
132.60631202097284
131.664410819998
131.96882334304973
132.34255899803247
134.22012715804158
130.9952562439721
133.4025041909772
132.99746462499024
133.64184063102584
134.46816142299213
133.0233302739798
134.5023776460439
133.41301397699863
133.93964882398723
131.98941248399206
132.89325088402256
132.33072704600636
131.32433042302728
132.43308245000662
133.80583830201067
133.83084553200752
132.6806966889999
130.84957221499644
132.196375464031
132.0976805120008
133.11112279398367
132.1218071830226
132.18285307404585
131.9003784660017
132.15990190097364
133.49453495803755
131.87430971796857
131.27766750601586
130.2803130230168
131.62745444400935
131.056438324973
132.3821709480253
132.39197324198904
133.19441697502043
132.23070175701287
132.1337739980081
132.89792913303245
133.60817028797464
132.73971075797454
132.51757999701658
132.07442329399055
132.48856066499138
133.22657134296605
133.3441638110089
132.61501899396535
131.6515921499813
132.89790350099793
132.46432811400155
132.91877850197488
132.9631982559804
133.83431769098388
132.2764962670044
131.50162866699975
133.63124549901113
131.7815076939878
132.72464452701388
132.04796985996654
133.70590108202305
131.86090871295892
133.3172281929874
132.805132626032
132.49945576500613
130.5930937199737
131.00707457703538
133.2878500149818
131.72129822097486
131.60871840297477
131.89875284105074
133.24953145597829
133.12075551296584
134.80788500001654
133.04131608101306
133.9340250630048
132.45485100103542
165.55191201803973
1952.941684325051
1993.7994605830172
1716.4779796109651
1669.9005406770157
1258.5435555359581
1340.6854298649705
1453.6685370770283
1486.2355563889723
1668.6404330889927
1951.6639953810372
2144.989971196046
2302.842354871973
2259.509272920026
2294.8915943040047
2307.7495136670186
2289.9490603410522
2308.3086049460107
2378.5682575890096
2278.7577104480006
2174.042019993998
2184.1437262940453
2225.8565580739523
2354.7415889180265
2390.555935351993
2258.182743198995
2246.800434806035
2293.563119015016
2346.5110869099735
2235.97101494699
2257.9963169079856
2185.836746475019
1639.5212894459837
1566.9754815589986
1858.5858572300058
1790.677693207981
177.48020688001998
191.46432602003915
227.30034664901905
585.0237959179794
599.4059802730335
607.152224749967
600.0401194330188
610.5032623370062
597.3876706120209
610.501344913966
611.6668728070217
618.5344885850209
588.1690981249558
461.79773776896764
449.2782675899798
460.13206296402495
456.7612043520203
455.3379377480014
467.40712888003327
456.1350363880629
462.6485217969166
498.002601601067
1093.3376449889038
600.2900222310564
598.2480638920097
592.0039632980479
576.7173816029681
598.8480745509733
589.3159549980192
591.6458827769384
595.7444520159625
577.3500649919733
588.508896153071
601.3867698688991
601.9440692299977
592.3508036340354
595.5549850460375
609.4653992819367
596.1951515079709
588.1100007350324
591.6594893260626
595.5930935230572
602.3700101961149
594.5236556420568
599.5811158119468
601.3418439750094
593.4852941299323
595.3113519690232
598.9836315930588
611.2116739299381
602.835985023994
603.3416852259543
598.5894805629505
606.0967644149205
595.3015934660798
616.1744289009366
600.5959088950185
604.9795228310395
601.5249052430736
597.3320335099706
586.4416910989676
602.8406339390203
591.6055746480124
604.2070875930367
594.6884615150047
599.8437726770062
610.280324560008
606.9070900160586
595.0757411409868
613.8009974750457
611.6698043959914
611.9397600229131
599.4888023280073
601.918252468924
593.2508210869273
608.8220266150311
612.9255151950056
603.6158289558953
610.6231953259557
592.2805011880118
593.8501968180062
594.5886528039118
606.3292548039462
600.817990067997
607.8486547230277
600.987351130927
599.7551408759318
588.5593249830417
589.0631965990178
604.0560209659161
607.2207981360843
598.9173345449381
605.2587417170871
602.9171681830194
590.4368168760557
605.0751094970619
591.1119947740808
606.8746765370015
608.3506523569813
603.877039895975
597.1208530929871
600.0462314529577
585.8311841350514
599.0090909060091
605.8327282558894
596.6232646079734
596.3779442349914
587.0326141481055
611.8350881231017
604.477123818011
603.9281725849723
585.8248125129612
614.2171553539811
598.9390198449837
598.8880901830271
604.0122780440142
610.8297016139841
600.8804196560523
596.6412632659776
608.3021731480258
604.0640161869815
610.0390035089804
596.6343209720217
595.5810227839975
616.2352064619772
629.1160317410249
603.0211818990065
616.5433559829835
590.3620776230237
475.33376305596903
456.0814311070135
457.5172428820515
465.0384362549521
465.1271874139784
465.5289623889839
463.56825160293374
603.7161959079094
543.1396742700599
377.5720631190343
378.3599419409875
368.5642501839902
383.911370582995
476.8749637210276
486.4537414420629
482.6126766660018
467.31536923593376
503.17223406606354
322.83300216600765
265.80230161210056
270.38969181105494
264.4350452029612
271.1733168789651
273.40897519898135
275.8150500210468
271.1402487079613
268.2728069049772
259.5715701059671
259.452794317971
275.4925159889972
268.6580669300165
297.94335725996643
269.1885690980125
263.93875751295127
263.00221900397446
272.8937570969574
285.81624353898223
275.28853097197134
270.40827308397274
328.39556609198917
303.93810708099045
302.8610845080111
302.7717884450685
303.89043614501134
302.00981822493486
302.2994116860209
303.7704567819601
323.7086693859892
308.5130993339699
330.9856586600654
333.72458300192375
336.18706695293076
335.88151811191346
321.9427090639947
327.90574193303473
332.0419255209854
399.3941075289622
363.4320249899756
322.4085799680324
352.65348317904864
439.55565048905555
332.82031088799704
628.1257414249703
340.0166349449428
324.99235140997916
324.5053237640532
311.1150865009986
313.88047656801064
320.543902414036
314.1027011270635
316.57336300297175
317.82703359995503
308.16006708098575
306.21867034200113
298.3369879719103
301.31618057808373
291.44977312500123
301.7394277660642
298.11198582604993
292.29951693606563
291.7168207010254
300.0579255310586
287.7509985809447
299.5362530470593
294.9749408150092
292.0393093350576
290.8035380130168
299.97915357199963
282.47130763705354
285.2544442350045
295.43094538198784
298.32642070692964
297.4643125429284
304.04737474699505
302.6702019929653
303.8985869020689
307.0388205170166
297.1342193100136
302.5595373620745
303.7548383149551
303.492322599981
304.43729912198614
301.82186569296755
309.6979078219738
305.57984148105606
434.12146357109305
476.480777282035
460.05097828200087
452.84492540406063
442.2293722659815
470.2490103080636
457.3537588940235
462.2944738409715
473.11819541989826
486.00629152404144
464.7590204150183
461.16864499100484
454.01484924694523
455.7154852700187
485.947793653002
466.2849320550449
450.34897756006103
473.68358722003177
478.82468197797425
454.01076590595767
478.1325299239252
456.74656834290363
477.34741129993927
476.3004430370638
469.5355615520384
475.4598918040283
457.38990818394814
455.5847279300215
474.3554047739599
450.1794714370044
479.67541956098285
452.4050864400342
480.84786467498634
476.04593357699923
454.19788558094297
453.42331885697786
455.5812529770192
432.3445431960281
471.7424565780675
456.3525509889005
461.57920362392906
485.1584381069988
451.6271607700037
482.86602292000316
474.2464990960434
458.72358811600134
458.8068419989431
479.4172502090223
475.57240653107874
433.1462021919433
462.3647767760558
464.43070911301766
465.0721471749712
481.0207643150352
473.2741594569525
474.50248891103547
440.73776205501053
470.5174677009927
449.54437440400943
479.48548304697033
432.24707458599005
460.21174111403525
473.53622371703386
489.4806049129693
448.04072942305356
468.784223480965
471.12286842998583
438.28281020605937
472.10879757697694
471.2930870730197
472.2706300270511
470.68477501010057
466.26616249000654
411.6483828809578
272.7527789740125
284.0621350030415
295.8936790849548
286.51507206994575
287.95991271710955
293.2365645880345
284.59952163603157
296.48159546696115
288.4514523879625
291.8332874670159
280.2866203240119
287.0213851289591
298.64859666198026
303.83266643900424
312.7747652910184
299.3766546789557
297.4352733059786
298.5604027661029
294.4277572670253
301.92525810108054
298.529254111927
302.01785262697376
301.9408963320311
304.9582488189917
307.41657881997526
305.4421850090148
295.92407575796824
303.5954732869286
297.5458963820711
304.4786331499927
309.88927503407467
295.7312227420043
301.404066195013
297.252791441977
305.21589848201256
298.24056942609604
306.4501860960154
302.41272923897486
299.7390476890141
292.0257531419629
311.79289399296977
308.8560421069851
297.2894310170086
309.13822973601054
383.9523617590312
383.95709448400885
302.37019436003175
300.1965370810358
300.08462131302804
295.3211307179881
317.11219828401227
294.8028277970152
298.74024099693634
290.5780566869071
304.378942189971
302.758147116052
292.10048352601007
291.76648441900034
297.0307213719934
306.0502289509168
305.90715049102437
304.4684015410021
296.45986442198046
295.77761334797833
291.83349845698103
298.54926922696177
315.47234631702304
306.5734148960328
301.4846691120183
297.96058759395964
286.9451155839488
310.0480585639598
311.2323919899063
302.3785432570148
290.59192933002487
301.41488614701666
295.83443956892006
309.79889503505547
314.5584553120425
307.5690452059498
310.574197886046
288.8907074780436
289.32169161294587
304.55188422405627
302.91447460697964
338.71835609304253
330.96270650892984
305.6135051199235
310.49670409294777
333.30606553494
426.796846035053
312.7704732649727
299.04546814993955
299.80338946101256
332.743159107049
306.0170546909794
304.0192238910822
315.6383668000344
301.21812956104986
292.15006594895385
303.606892127078
304.6972014469793
316.28604196896777
315.9576970729977
317.4260458059143
309.88596762903035
308.19881865603384
295.06665534107015
303.5632798069855
298.9207015859429
301.6434435630217
300.57698881300166
298.5174070049543
301.4533326559467
316.46630406798795
299.185391878942
307.26291507598944
293.34265922405757
304.7368666859111
297.2366818509763
293.87073440803215
306.201004478964
305.9626314290799
303.5902404279914
298.2536449020263
301.55948700604495
312.1583619059529
304.42508171708323
304.15362561901566
300.6624352929648
308.8833474640269
314.84734428301454
307.5689224950038
270.8320755099412
340.5048436069628
481.2193435479421
468.2498413500143
498.1160642129835
503.21283608605154
500.58992230694275
462.4222020250745
412.1230880100047
239.32510447700042
265.69935562997125
274.3895046359394
279.67970236297697
282.4081693700282
275.01952567498665
271.9214906519046
267.5351610770449
267.4101151479408
269.40325114596635
269.44080508407205
270.38236385397613
263.4300238250289
272.6187379769981
270.29478302400094
269.8189404599834
273.1178342649946
279.3109346589772
272.7818107380299
279.99304604995996
266.1663279320346
264.9847931850236
258.50890361797065
260.6608299210202
277.4863492130535
275.24760398000944
274.03554139798507
265.41827603196725
266.3898289789213
268.3534997779643
291.0471497880062
228.46677318995353
269.71762254904024
307.1279937979998
360.9110385569511
344.71262226300314
340.9210996120237
375.6979351310292
537.308805763023
537.8532639660407
543.663047109032
514.4059781759279
528.4073717189021
526.3292390180286
529.3669026070274
522.5132696820656
534.1281661019893
516.7756248330697
538.0214322779793
495.3255353339482
541.4843629340176
551.1540908380412
509.87009410897736
507.0342032449553
537.5444682030939
533.3739801129559
524.2293659829302
522.1245624319417
512.2517589139752
515.3651680280454
517.6786597779719
522.5856627570465
540.4396985259373
535.584542014054
509.12348771304823
503.0657184260199
511.1250467810314
536.1834631490055
541.066303906031
510.2288763249526
531.9754264970543
506.6273438950302
504.0758643390145
522.6009394200519
524.514632217004
514.4098210529191
511.07934243499767
520.6614281879738
539.9276674920693
545.3255612460198
525.1405711009866
519.8457450629212
544.7769933029776
540.2126269830624
518.4871537219733
538.4783336069668
530.3526761459652
508.7804971700534
522.6331319919555
555.3327277300414
549.4848216519458
501.57796401309315
543.6600690779742
535.7654879289912
502.49651329091284
527.785935361986
537.294696566998
514.884214199963
530.4839187439065
516.5166861080797
512.6078795490321
532.7504260980058
523.3173143169843
520.8247517501004
533.9952982979594
553.1488030150067
532.1253961269977
537.0041029800195
544.8001722990302
527.2512987299124
537.5519952779869
536.0119035529206
523.6868511129869
528.6834034689236
535.4971911719767
533.0081982630072
525.2696556029841
531.8705860010814
517.8583405190147
507.51041533902753
546.6177335960092
517.1304774290184
518.7935957639711
521.0384363959311
524.0389898179565
525.1075872979127
534.610429176013
520.2477989130421
528.283361465903
530.907711392967
520.3368081370136
505.8329447610304
543.5761183879804
510.3580035690684
532.6807140200399
524.3597873159451
534.7477441929514
543.8017699880293
532.5277364670765
503.8978875869652
516.258907448966
507.86194684309885
519.378854196053
514.1987021659734
539.926009599003
522.4880434999941
521.109255108051
521.6210846500471
486.8393771429546
502.86955430498347
530.6828756779432
522.5781201079953
523.3267067819834
539.0036234490108
340.49190201598685
345.2178210039856
339.99037057196256
351.69906662905123
339.5999399169814
543.3900448649656
347.5313548690174
346.1794589329511
326.2241933220066
353.58185179298744
349.585601083003
341.69625412102323
354.85555119393393
349.6411337730242
357.1025114390068
351.32151554501615
345.7410366309341
371.17510425893124
350.522163616959
333.6498071529204
325.5293674650602
495.9939255680656
523.1008134619333
511.1704911069246
513.0211130330572
526.6613611399662
528.6049479619833
529.7342879419448
514.4898178869626
530.3400868360186
518.4999943909934
520.3333519709995
524.946629610029
525.2470250019105
536.1492551659467
535.5196158810286
533.7861871400382
525.535902868025
537.9625357519835
528.869199023
527.5379088489572
540.2273747379659
503.6359904560959
523.146696601063
548.8626977079548
522.4062036928954
520.0782118450152
512.4870034240885
348.341195771005
375.3526984920027
362.8970302119851
368.03167079703417
377.40640266798437
357.8462822069414
377.82648597599473
376.3231111400528
353.0262638229178
370.8269684390398
380.5277054539183
367.38686778000556
378.5090697030537
382.19581031496637
364.20369490701705
390.18999924103264
365.3253916670801
377.1669889120385
369.04561181599274
383.8203166159801
360.70860687899403
363.8101279599359
359.68660058802925
381.56141665391624
355.1917633609846
376.5791919589974
366.21821686509065
367.50155806401744
368.03401089890394
367.81647143303417
382.8995850060601
361.6809380670311
386.29885665897746
370.72118326905183
354.8784493559506
376.54285745008383
367.9861932260683
396.5412874179892
358.1039282390848
362.50659801997244
366.8019823699724
375.4263285950292
346.97877209994476
354.5981056059245
378.46002512890846
349.08920548600145
384.2279148870148
366.4036525969859
362.736419494031
371.6494696099544
374.244398336974
361.689028901048
365.94589438603725
364.2521970239468
349.53718396206386
364.6364867440425
357.2209219579818
332.43192078592256
345.30039330595173
339.42143656197004
336.6653818989871
341.7602502480149
336.79976351198275
334.77939730498474
341.77762040297966
344.38731252902653
340.17539333191235
332.0771369819995
342.0193565899972
332.0507901959354
329.2268819330493
335.6020254479954
344.4336946849944
341.25579266191926
327.85242467804346
338.42280775506515
338.395556524978
332.04931605700403
328.8226979220053
342.22147000208497
334.91170281602535
342.8013243250316
336.2481417590752
342.62026861996856
346.04879706690554
343.74775529198814
339.083432895015
348.52508738206234
346.7629717530217
337.2043463860173
338.9661022629589
332.48474216798786
339.1712201759219
335.8771276799962
339.1415152109694
342.2821801659884
338.99139877490234
342.7827492681099
354.60256741708145
333.6098474620376
339.21208920003846
338.24295087496284
356.46932742896024
344.7415056839818
334.85336110997014
339.86734375404194
345.84271247906145
331.4748483810108
331.61581484100316
333.4435830920702
331.7242002720013
329.47161431098357
338.5503572160378
343.9188734909985
344.61920500698034
346.8563781140838
342.41141503606923
337.03897137509193
351.68792086897884
348.0753799859667
349.49779690091964
343.0368173310999
347.7374779380625
338.35367843403947
338.408945586998
380.0409318910679
421.13034409994725
437.36714062304236
446.3370320460526
442.5754030710086
453.8204835380893
437.703227775055
439.080504173995
449.6748270270182
442.51288834703155
444.472136028111
451.52782320801634
432.53188838798087
428.6607352909632
442.0354142220458
429.9020349700004
443.43635193805676
423.6562843050342
444.56336278200615
420.4929574599955
443.2330021969974
429.84230446908623
429.2482457549777
438.20544527098536
1130.0947103269864
457.9636398020666
759.7541128150187
1178.1253517949954
1746.7054707610514
1062.8195563410409
440.20324345398694
481.32920123205986
616.2125732760178
451.49639553797897
443.878128787037
476.31809947208967
475.10525131598115
459.8617422769312
443.225581001956
493.373970613
496.14251988206524
472.62395805795677
446.7072738199495
435.89498484204523
426.2563857570058
440.89531658706255
423.9967139089713
441.9311151340371
429.24380748101976
439.2952545960434
444.0777846230194
434.33433470502496
440.18151394499
432.5172678140225
430.0394905769499
433.7004638760118
434.552935478976
423.309336414095
429.4528460749425
439.64408135798294
415.17860854801256
421.79761589493137
422.5560387369478
421.56761206593364
429.99660069600213
419.28910975100007
424.21828091097996
422.96356933098286
431.42128640494775
441.43482471909374
423.01681604608893
414.87568888196256
432.3343167559942
419.77957582206
439.2363527630223
426.8966305810027
430.14749579306226
427.1687937519746
431.3700663439231
440.13027335109655
451.9743932640413
495.65316344902385
471.62731079000514
429.2311455360614
490.4934346169466
511.0921578919515
553.4205212970264
441.0583596669603
444.47568305698223
444.52010693296324
430.5958213789854
427.12695735599846
414.25060897402
426.125452975044
436.9328103220323
423.6246492769569
437.4757839780068
424.318629565998
435.2534967029933
436.1322970719775
439.2376774420263
418.8692428099457
435.79934775002766
433.89837319101207
432.1001227289671
438.973773701
433.2628561320016
433.7136107989354
432.2217396609485
434.85837718402036
439.06706503394525
434.1170923449099
439.4576494100038
440.6462230399484
443.1725471619284
442.56619505700655
432.69632354506757
450.6542313910322
435.59396325191483
432.2103211689973
419.69731571001466
429.7065609500278
432.96787937602494
431.56502605299465
436.6413093559677
424.5382302569924
433.8484717339743
425.4623783619609
428.5236531930277
447.79533536802046
432.74929906695616
430.75085862202104
439.2108333159704
435.58854720008094
432.0280963910045
434.8568042180268
447.4905365529703
418.4709613668965
438.2070062229177
440.2478502439335
426.924187088036
431.6942042110022
433.6725039660232
436.9576639010338
445.30744650994893
426.5059121110244
440.2068595569581
432.5945940579986
426.46322993701324
448.3442046761047
434.0305643029278
430.27602163294796
436.1576708999928
439.0595108609414
424.20867354399525
430.2873196490109
417.56806219299324
423.8903002369916
423.62393591797445
233.13867958192714
130.3771591379773
132.5560768620344
131.3608461000258
133.03865044901613
132.4780179830268
131.29138649906963
130.25666441500653
129.29709972499404
131.29869818198495
131.12963988306
132.39573552203365
132.0798783879727
132.51437099999748
131.31562722101808
132.08530107396655
131.38245890499093
131.43265418405645
132.01764631189872
130.93401151394937
130.86325964005664
130.5091578370193
130.87191981903743
131.50718845194206
132.46336842502933
131.6282184390584
131.81691128807142
130.86889583198354
130.77758722309954
132.6202554149786
131.25025452207774
132.1258981359424
132.69504111201968
133.43825622298755
132.43979028705508
131.55424017598853
132.43526575900614
130.53794976696372
132.65109830303118
130.81420577596873
131.74310469499324
131.09816395293456
132.13357075990643
131.17320093896706
132.23821151000448
130.43334414600395
131.78277559299022
131.51528717693873
131.91371731401887
132.35414915904403
129.475439722999
131.99952969199512
131.7061773739988
131.38859369198326
132.55321420705877
132.15017259202432
130.61238115793094
131.92824604711495
129.7251832820475
130.28668338700663
130.4458596339682
131.4362278219778
131.91460003703833
130.13379278499633
131.03325912100263
130.5019560130313
130.81739179603755
132.6802972679725
131.7553247549804
130.2089050600771
129.9781632879749
131.3082922800677
130.30263911699876
131.46247627201956
131.12252598907799
131.91832935193088
132.20767725107726
130.68017015606165
130.87851674703415
129.50247570197098
131.13389126199763
130.08352864196058
129.87693596002646
130.60682381805964
131.7704710951075
132.02879437804222
131.66323120007291
130.26542027795222
129.70023094804492
131.67753218091093
129.59704394300934
131.25052871904336
132.32380389003083
131.12369869404938
131.50679433799814
131.42190086096525
130.87172852398362
131.10310850699898
131.1506598039996
131.94685784098692
130.20666413300205
130.86175923992414
129.94653405703139
131.3539964859374
130.73338949400932
131.93317285995
131.5199298079824
131.82305808900855
131.6901256829733
132.20938459108584
132.38535578094888
131.73313345608767
130.56341354898177
131.03048474597745
131.21855412202422
130.96940505097155
131.9563372581033
131.23374830407556
130.00877528102137
131.47729093499947
132.14920151792467
133.3432704010047
131.33673667989206
133.09581435192376
132.61897689907346
132.35834759799764
131.80334538698662
132.4062886100728
132.0907454820117
130.59721624094527
131.84332470304798
131.23040039092302
132.74391883506905
130.17133715504315
129.68798923690338
132.98788721999153
132.4769700850593
130.7146542900009
130.08453505497891
132.03364136302844
131.42181279195938
131.13799674098846
131.5140892600175
132.56116577703506
131.82628957601264
131.9325782310916
133.34811221808195
131.69342421600595
133.0341963910032
132.65240182098933
249.39121462905314
146.4034154099645
137.02047970204148
132.06917828391306
131.2719349329127
130.86569137393963
132.32867126807105
130.4211151469499
130.62273498892318
131.66080756799784
144.86413726606406
149.14621070597786
140.83099995204248
144.77509933698457
132.5000017149141
135.4985266670119
146.05871005298104
137.57157038291916
138.790265372023
131.65805798699148
131.78667315491475
136.96983331802767
134.61039962200448
132.44105364603456
135.258480148972
134.420094066998
132.74469211802352
130.71020588907413
167.1916499339277
187.71775245002937
190.99076349497773
185.38156451797113
184.65938085201196
190.69043061090633
188.37366288492922
183.38290644902736
186.6700861939462
186.70119664503727
184.24830539396498
181.66347005905118
183.23715327703394
181.29981040605344
191.10705838096328
178.4563713070238
182.28997794096358
180.012934749946
183.29429050092585
181.80226955306716
184.7841937210178
178.51172394689638
176.86611342604738
182.6303233159706
179.5152176169213
179.54885073401965
180.06894096394535
177.4444978700485
187.54495875991415
176.7867693969747
177.24340449098963
177.98256734095048
176.46328566398006
180.91096717503387
152.87338739505503
131.70563505694736
132.21846214099787
132.38576686696615
131.67866612400394
131.45046489895321
130.92609710001852
130.82183502905536
131.04109503305517
131.49163354095072
130.379631659016
129.25955333001912
130.06898419500794
131.69452589307912
132.47843102400657
132.64589331194293
132.2228339969879
131.81516532599926
131.45943028398324
131.69587271101773
130.91969244391657
130.7915977339726
151.7760986959329
142.15781357802916
133.63109122007154
132.07682164409198
130.62502773897722
131.40285228006542
