0.5230097350431606
0.45918492804048583
0.497426452988293
0.5410562339820899
0.5731668110238388
0.675653935992159
0.5785536000039428
0.6564544970169663
0.6135943689732812
0.648486164980568
0.6844695830368437
0.4507648629951291
0.47004021902102977
0.4689523020060733
0.518122312030755
0.6740967550431378
0.6347349749994464
0.940393747005146
0.7228797739953734
0.6031447859713808
0.48951615998521447
0.4739292620215565
0.5401851729839109
0.5628715780330822
0.4763733569998294
0.6367153250030242
0.46825577499112114
0.4890054109855555
0.4873818109626882
0.46924891800154
0.48366255301516503
0.4537783749983646
0.47744933201465756
0.5630605680053122
0.466725691978354
0.4644023510045372
0.5159491309896111
0.5181119750486687
0.4873806230025366
0.46345579298213124
0.5477725199889392
0.4846920829731971
0.49063620396191254
0.46526977996109053
0.5258019199827686
0.45603529596701264
0.5438695100019686
0.47730650700395927
0.5403830339782871
0.46048677002545446
0.4794857639935799
0.4620734240161255
0.5524635500041768
0.46892010496230796
0.38957642595050856
0.47729365597479045
0.4658882950316183
0.4531127180089243
0.47747105301823467
0.4871677460032515
0.46445075201336294
0.4707169819739647
0.4425636800006032
0.4644763140240684
0.4545594099909067
0.4832143110106699
0.45863492804346606
0.45384800597094
0.46192598895868286
0.4563909280113876
0.46347269497346133
0.46637264400487766
0.5095208680140786
0.47596611303742975
0.5096858339966275
0.47494070301763713
0.48428434995003045
0.4789847229840234
0.4614790049963631
0.5201198419672437
0.4613265420193784
0.448025687946938
0.4639958059997298
0.45451149897417054
0.4608846560004167
0.4624558750074357
0.4050884539610706
0.44607117999112234
0.43651081598363817
0.474338322004769
0.473247820045799
0.4635039829881862
0.4590196139761247
0.513685294019524
0.4597620269632898
0.438842817035038
0.4534882539883256
0.4646808090037666
0.47244883596431464
0.503056009998545
0.45021325699053705
0.47839393600588664
0.4632951579988003
0.47937297000316903
0.4491494339890778
0.5008639720035717
0.4605378240230493
0.47340335603803396
0.4922218809952028
0.4629228340345435
0.4724443660234101
0.47799409402068704
0.4680530260084197
0.514086113020312
0.4681444469606504
0.48460806300863624
0.471066047961358
0.459306102944538
0.46039625600678846
0.4626833480433561
0.4525905139744282
0.47088592703221366
0.513368145970162
0.4087816620012745
0.4475648059742525
0.45736095297615975
0.47397165501024574
0.4676310449722223
0.512528793013189
0.513447274977807
0.46089820499764755
0.5083423670148477
0.47587909002322704
0.45812746201409027
0.47014721599407494
0.4750332430121489
0.504086728033144
0.4626944530173205
0.4649122630362399
0.4473100939649157
0.4884810429648496
0.460207124997396
0.4635679579805583
0.4722411970142275
0.47200394701212645
0.4611784080043435
0.4579404260148294
0.529952376964502
0.46790105098625645
0.46650150103960186
0.4743897250154987
0.4548895499901846
0.4678482509916648
0.4687541620223783
0.5204839949728921
0.4625571450451389
0.4606974810012616
0.47085785103263333
0.4592841030098498
0.4760949700139463
0.49750977399526164
0.4675582000054419
0.4802415170124732
0.464885444031097
0.46800308901583776
0.4725479409680702
0.5290121040306985
0.4554065149859525
0.4619763450464234
0.4992290569934994
0.47139046096708626
0.4478375359904021
0.4686339650070295
0.4577114870189689
0.4929318870417774
0.5021544979535975
0.4872050419799052
0.4549934039823711
0.4735906709684059
0.4718536489526741
0.4862441649893299
0.45497678098035976
0.501294054032769
0.4641802560072392
0.46509615500690416
0.46815471403533593
0.47468040499370545
0.48946426797192544
0.46037544298451394
0.46946032700361684
0.46103844605386257
0.46972153399838135
0.5246753100072965
0.3917712580296211
0.47112911503063515
0.4564556709956378
0.5047332489630207
0.45725744898663834
0.47712044999934733
0.47269747097743675
0.46603426401270553
0.5131276820320636
0.45648626203183085
0.49002467398531735
0.4833900309749879
0.4683385359821841
0.48586562601849437
0.4988431839738041
0.4984383140108548
0.4590564199606888
0.481820348999463
0.4683599079726264
0.476941027038265
0.4828699929639697
0.4624291259679012
0.5019412740366533
0.468792155967094
0.4853823239682242
0.47774545900756493
0.5212793470127508
0.5057388240238652
0.4868205660022795
0.4201756389811635
0.4694449619855732
0.5191481400397606
0.5133995040087029
0.4678386820014566
0.3942919700057246
0.4658167770248838
0.4853636769694276
0.48833535297308117
0.47507612500339746
0.45742681296542287
0.4877568579977378
0.5115100879920647
0.42297676199814305
0.46632501302519813
0.4187488509924151
0.45908323902403936
0.45845704298699275
0.42529717000434175
0.4623832399956882
0.492238083970733
0.4550149849965237
0.45844740502070636
0.4633935639867559
0.4872572839958593
0.4952423069626093
0.47896516794571653
0.5022657559602521
0.46070984296966344
0.4568708069855347
0.46061974798794836
0.4513492949772626
0.4751984170288779
0.48409633699338883
0.4990078000118956
0.48751716199330986
0.45608942402759567
0.4769016369828023
0.4699416040093638
0.4560008639818989
0.5116222529904917
0.5008500730036758
0.4846533910022117
0.47501319798175246
0.46538152697030455
0.4507022160105407
0.5114402470062487
0.48321794299408793
0.46747585700359195
0.46689694200176746
0.45893489697482437
0.38667228596750647
0.46543628204381093
0.47263615002157167
0.47481519798748195
0.5036039839615114
0.46452408499317244
0.458018230041489
0.46160164597677067
0.4670937550254166
0.4679011899861507
0.5459109710063785
0.5700482579995878
0.4668162760208361
0.4571357149980031
0.46711163502186537
0.47073262598132715
0.4569069159915671
0.46709983103210106
0.4571923559997231
0.4856579870101996
0.4541738869738765
0.487867206975352
0.4224047630559653
0.463731805968564
0.509835364005994
0.459996065008454
0.46282386902021244
0.4738110910402611
0.4629608279792592
0.46400656196055934
0.4654678499791771
0.4749540429911576
0.4723766199895181
0.4615223769797012
0.4815127680194564
0.5014234699774534
0.48734479397535324
0.4613238179590553
0.46551806601928547
0.4480617959634401
0.4773768369923346
0.4686999649857171
0.4576900459942408
0.5204214859986678
0.4802450790302828
0.461863691045437
0.4896239939844236
0.46481993299676105
0.46050751296570525
0.46475127898156643
0.43233465700177476
0.4703667979920283
0.4921829800005071
0.455277658009436
0.4734391859965399
0.4949345859931782
0.496531508048065
0.4912748329807073
0.4631192280212417
0.5019963089725934
0.46297339897137135
0.519162876997143
0.45887127198511735
0.4591255630366504
0.46241641498636454
0.5292969869915396
0.5220466929604299
0.5015542829642072
0.4580926109920256
0.4465464489767328
0.5183599820011295
0.4716434260481037
0.4860173909692094
0.45867871900554746
0.4642762190196663
0.4612411959678866
0.4691127269761637
0.5015398950199597
0.47929265297716483
0.4662164089968428
0.4886134610278532
0.5016667279996909
0.47269656299613416
0.48136393597815186
0.4968174379901029
0.489870953024365
0.4623484589974396
0.5002409869921394
0.5188052890007384
0.49255020497366786
0.47733507095836103
0.46832924702903256
0.4589147830265574
0.4549507300253026
0.45851130899973214
0.46193332300754264
0.471606200968381
0.45735501701710746
0.4564287819666788
0.4632013610098511
0.4581952770240605
0.49504961498314515
0.4794178089941852
0.4829780380241573
0.4836818290059455
0.47641896398272365
0.4770544489729218
0.46667505701771006
0.5140593649703078
0.47062437201384455
0.49716007901588455
0.5025789939681999
0.48165643197717145
0.45673852803884074
0.4841630340088159
0.48382772703189403
0.4712819280102849
0.45408260403200984
0.4700303719728254
0.4927520470228046
0.4941416779765859
0.4790124490391463
0.4947461549891159
0.5360155089874752
0.47034968697698787
0.4577415179810487
0.48370166297536343
0.46988566097570583
0.49756634497316554
0.43579515296733007
0.4797279740450904
0.4572249029879458
0.48084047599695623
0.4866485460079275
0.47715376398991793
0.4589198110043071
0.5186748260166496
0.4584989479626529
0.45891743595711887
0.4979118499904871
0.5070151730324142
0.4593673539930023
0.46150959498481825
0.5067605309886858
0.46854142600204796
0.4562847689958289
0.4816688629798591
0.45320441998774186
0.4554038610076532
0.4726318899774924
0.47519625298446044
0.5108485509990714
0.4529354610131122
0.4671810570289381
0.4523762409808114
0.4692067340365611
0.47485794103704393
0.4706999409827404
0.4651591519941576
0.45787833695067093
0.47407767397817224
0.4845470229629427
0.4671572409570217
0.4632705039693974
0.46878747700247914
0.4580293339677155
0.3873537270119414
0.46141370403347537
0.4478554149973206
0.46084959601284936
0.46825542504666373
0.4652664979803376
0.4199726799852215
0.46378174202982336
0.502466898993589
0.4393942130263895
0.5218910870025866
0.47825739497784525
0.4970492399879731
0.45191906101536006
0.39388940401840955
0.45958176703425124
0.47135274700121954
0.4823061640490778
0.5036252870340832
0.45435973402345553
0.45527074398705736
0.42721389402868226
0.47125266498187557
0.4635771770263091
0.4177293779794127
0.4516816699760966
0.46904958999948576
0.4632203580113128
0.48710691498126835
0.4899864009930752
0.435049875988625
0.46884474699618295
0.4906555500347167
0.48918706801487133
0.5027535270201042
0.5130157960229553
0.45985156402457505
0.4830148440087214
0.477197275031358
0.45860049698967487
0.4519854799727909
0.5160555680049583
0.48260431800736114
0.5035673180245794
0.47814774402650073
0.4660504659987055
0.45554270601132885
0.47426673397421837
0.4809529900085181
0.5047391850384884
0.46216777997324243
0.45487544196657836
0.4726114270160906
0.4994665179983713
0.4563567749573849
0.4657217930071056
0.48240596801042557
0.49633336695842445
0.4681593929999508
0.4627267199684866
0.4904979190323502
0.4888920580269769
0.4745836049551144
0.460632178990636
0.484556102019269
0.4591639759601094
0.4611219759681262
0.49079104303382337
0.46991785702994093
0.46449831302743405
0.4677128989715129
0.47179798502475023
0.4580764769925736
0.4690983390319161
0.4687358629889786
0.4800907989847474
0.5718027409748174
0.46479611698305234
0.4821076749940403
0.4818211169913411
0.47759739600587636
0.47025498101720586
0.4689166829921305
0.4693583589978516
0.4233051569899544
0.4708060289849527
0.4724563789786771
0.478878284979146
0.4554850169806741
0.467653113999404
0.46651637798640877
0.4645638940273784
0.4785144120105542
0.4590193349868059
0.5414738839608617
0.46205351897515357
0.45951304299524054
0.4633255390217528
0.47936500899959356
0.4847260959795676
0.47159663203638047
0.46173762797843665
0.46635769796557724
0.46873188199242577
0.4907671569962986
0.4615791570395231
0.4648740600096062
0.45859323302283883
0.4687639399780892
0.47725140198599547
0.4637760149780661
0.47335719101829454
0.4788336560013704
0.42624149296898395
0.474081656022463
0.47854325600201264
0.455369149975013
0.4807307540322654
0.5009638449992053
0.46746237797196954
0.4855535749811679
0.4875422360491939
0.45487935305573046
0.41722519299946725
0.5001486570108682
0.47032559098443016
0.4572941150399856
0.467212205985561
0.4614187320112251
0.42218685802072287
0.46828510804334655
0.5240817979793064
0.4825654160231352
0.4695755660068244
0.45451394404517487
0.4690197689924389
0.514249961997848
0.49144810903817415
0.48275545303476974
0.4660124030197039
0.46189602703088894
0.46585407201200724
0.47664992802310735
0.475178164022509
0.49820804700721055
0.464720270014368
0.4524090669583529
0.4771283420268446
0.47790211299434304
0.4893366679898463
0.4714894960052334
0.4603882239898667
0.4539920189999975
0.44335868395864964
0.48047108500031754
0.4873857210041024
0.4721743590198457
0.4585483950213529
0.47090017498703673
0.4630013360292651
0.47509456297848374
0.47929642495000735
0.4699771529994905
0.45938523299992085
0.4683414000319317
0.5172233140328899
0.4576936080120504
0.45852297300007194
0.4823774030082859
0.4371509120101109
0.4589358750381507
0.4552681599743664
0.4897267310298048
0.4941761099616997
0.5234641220304184
0.4646869549760595
0.4837851229822263
0.4566426359815523
0.4756889829877764
0.4692303399788216
0.47493707202374935
0.49957672704476863
0.45401883794693276
0.45633910596370697
0.47004098701290786
0.4679342250456102
0.5374267210136168
0.46609223197447136
0.4760078079998493
0.47783750999951735
0.3896874040365219
0.5333482009591535
0.46404804702615365
0.3921633470454253
8.172138161025941
6.074669690977316
9.012124027998652
6.8115313409944065
3.3253679809859022
5.471298130985815
4.138804801972583
4.81410869397223
3.555005492991768
3.2828362460131757
7.299554713012185
5.96593149198452
6.734360004949849
4.566823266970459
6.224787384038791
7.708440996007994
6.647952857019845
5.079383208998479
6.4112309259944595
5.868665910966229
5.309207895945292
8.624009030987509
5.64160274900496
6.642189975013025
9.050783762009814
7.4870710170362145
6.753801095008384
3.9884402900352143
5.181088322016876
6.406247680017259
7.948791743023321
5.769296012003906
3.3439079779782332
6.335986720980145
5.550848051032517
4.576444391976111
0.506943654967472
0.5090173130156472
2.1553064809995703
1.9702466360176913
1.612518742971588
1.3201209459803067
2.1085154060274363
1.985801825998351
2.4503544060280547
1.9406133979791775
1.6626128230127506
2.141895000007935
1.7191969029954635
1.5909719379851595
1.4527341779903509
1.2754684800165705
1.7721774540259503
1.8257427850039676
1.7138650809647515
1.2707984020235017
2.249172887066379
2.293219689046964
2.8046281589195132
2.314646366983652
2.2773457430303097
1.7067364499671385
1.9092476770747453
2.185522334999405
2.167172095971182
1.9696110800141469
2.311285604024306
2.1579028309788555
2.470866022980772
2.093972285045311
2.262666851049289
2.110815627966076
2.144353552022949
1.8771625220542774
2.2745483909966424
1.9699449210893363
1.6977005939697847
2.064544799970463
2.084426657995209
2.393106275005266
2.39126127702184
1.919146771891974
2.5593982309801504
2.3399644599994645
1.7191080650081858
1.414496076060459
1.8177326190052554
1.9236187789356336
1.733390957931988
2.287556679104455
1.8536434000125155
1.5351692420663312
1.7911805680487305
2.0265512809855863
1.8156241100514308
2.357590584899299
1.6385583670344204
2.308217755984515
1.5138915359275416
1.9830407210392877
1.7666132689919323
2.6096977130509913
1.8089940070640296
2.1715697220060974
2.3966724399942905
1.708753396058455
1.7211740410421044
1.7917235139757395
2.104753194958903
2.2892554990248755
1.5204472580226138
2.0961859049275517
2.174940960947424
1.8301906969863921
1.7180827260017395
2.0531120609957725
2.078551749000326
2.0768914819927886
2.196106082992628
2.398847925942391
2.610390260000713
2.06109617697075
1.9233204170595855
1.9921278399415314
2.4218044070294127
2.531386357964948
2.1977155059576035
2.051441738032736
2.235458643990569
2.2326517220353708
2.090991110075265
2.371059546014294
2.615509486058727
2.2893231749767438
2.285918692010455
2.5333602130413055
1.908966217073612
2.070921379025094
1.896595299942419
1.7089257650077343
2.2892145719379187
2.2063244220335037
1.94761163496878
1.6702613509260118
1.9524689558893442
1.7190664400113747
0.9712456450797617
1.6373360049910843
2.0532300929771736
1.8782034369651228
1.8347027929266915
2.1111346629913896
1.9849235020810738
1.9070467689307407
2.2750497109955177
1.8558037310140207
2.1268139620078728
1.9305545069510117
1.7929662700043991
2.182532289996743
2.3572282480308786
1.270541806006804
2.437662009964697
1.9750582809792832
1.4455482779303566
1.5127938400255516
1.2795293310191482
1.6486590231070295
1.1585717709967867
1.4457427159650251
2.046317971078679
2.4546630550175905
2.145022911950946
1.0897579930024222
1.0368760579731315
2.030189592973329
1.114193712011911
1.3628409730736166
2.04247118299827
1.6214493479346856
2.0397945860167965
1.5866593790706247
1.5204210670199245
0.944653506972827
1.1705145600717515
1.6242857420584187
0.8031051290454343
0.9366253910120577
0.6414369459962472
1.070765562937595
1.104939321987331
1.268640447058715
0.9114120579324663
1.015762759023346
1.1081828210735694
1.24223960400559
1.0394657030701637
0.7766006420133635
0.9507361230207607
1.0022051689447835
0.873765651951544
0.7685327859362587
0.9308570600114763
1.1707501349737868
1.1824222200084478
1.0448888089740649
1.0609082349110395
0.5615592589601874
0.9635515100089833
1.1156303469324484
1.0144336089724675
1.2235654409741983
1.1710218869848177
0.8039317009970546
0.9427344769937918
0.9722048459807411
1.2048939320957288
1.193103535915725
1.736719173961319
0.9184871199540794
1.0539834710070863
1.3061058949679136
0.9748072710353881
1.3299972020322457
1.3114554579369724
1.040773271000944
1.1888768119970337
1.10859767801594
1.2715801360318437
1.0489932409254834
1.1829998780740425
1.2007919440511614
1.3139586390461773
1.0146268600365147
1.3960078299278393
1.0747698430204764
1.0640767939621583
1.0868044050876051
1.0476503330282867
1.1160775409080088
1.1028392650187016
1.0446215260308236
0.8635925699491054
1.34666300797835
0.5123673890484497
1.0511470070341602
0.8052734220400453
1.7254471390042454
1.4488271169830114
0.9821341109927744
0.93184335809201
1.0321895679226145
0.9398643510648981
1.173280065995641
0.9592166009824723
1.2407666509971023
1.3287520009325817
0.8397292000008747
1.3326996399555355
0.734395693987608
0.8748027939582244
0.9608612940646708
0.7736115040024742
1.2306050229817629
0.8428532009711489
0.7411712759640068
0.8094762610271573
0.9211193680530414
0.9633902460336685
1.2777706580236554
0.6343620240222663
2.176601927028969
1.387181150028482
1.4688355970429257
1.4351416480494663
1.4997376409592107
1.4707257819827646
1.1610947869485244
1.4748611540999264
1.2139137249905616
1.6202814619755372
1.5869527129689232
2.0315847429446876
1.5854914230294526
1.6303995080525056
2.2843294530175626
1.2233792439801618
1.129317841026932
0.910675582010299
1.6569755830569193
1.4370232420042157
1.5054012798937038
2.3387911269674078
1.869365650927648
1.5179939429508522
1.5791282539721578
1.378071260987781
2.749635201995261
2.483227232005447
1.7370167670305818
0.8968324810266495
2.8386514090234414
1.6585917109623551
2.2083049110369757
1.3660845420090482
1.9900580240646377
0.9435979949776083
0.9316084819147363
1.1834266079822555
1.1185301570221782
2.869206272996962
1.7867969799553975
1.561645234003663
1.3345366759458557
2.3421535660745576
2.0932578090578318
1.2177077831001952
1.5433201380074024
2.1296886990312487
2.0613587100524455
1.4300357600441203
2.2862170529551804
1.4360626438865438
1.5771471350453794
2.2875723930774257
1.8755865530110896
1.2259054040769115
1.437638333067298
1.5115100180264562
1.6191130169900134
2.5544821029761806
1.7343161440221593
1.0261064619990066
1.9768434240249917
1.3620704140048474
1.350358171039261
1.4805507039418444
1.7770872260443866
1.3168750719632953
1.0653537020552903
2.376624359982088
2.3004930299939588
1.8846525109838694
2.0116716660559177
1.046890249941498
0.94838750094641
0.9130793099757284
1.2100702190073207
1.0208224810194224
1.0235141640296206
0.9937549320748076
1.186823129071854
1.082740480080247
0.9055481139803305
1.2521000750130042
1.1515534200007096
0.8687439929926768
1.2996970489621162
1.3604554740013555
0.9401258359430358
1.2324262739857659
0.9159803070360795
1.2715727320173755
1.1223003990016878
1.2405416219262406
0.8363801710074767
0.9786183709511533
0.9371466860175133
1.9834182119229808
0.6920025240397081
0.6705489569576457
0.9182552470592782
0.760464790975675
1.2537555929739028
1.3311073280638084
1.0979561720741913
1.1477641109377146
0.8381404510000721
0.7159286809619516
0.8040217270608991
1.350764507893473
0.898189426981844
0.823441723943688
1.0433876399183646
0.9913219409063458
0.9452984210802242
1.1375407449668273
0.7423520130105317
0.919762981007807
1.0181512599810958
0.9737004960188642
1.0759356340859085
0.895967636955902
1.1279736059950665
1.0908148299204186
1.1395458179758862
0.9825633559376001
1.5627547330223024
1.136549208080396
1.1925177070079371
1.0152713560964912
1.0128766370471567
0.7554699520114809
0.7673792180139571
0.5869255440775305
1.3157539799576625
1.1757217870326713
1.251295363996178
0.8690774160204455
1.0929192180046812
1.3915924639441073
1.152497116010636
1.1469771399861202
1.0288971109548584
0.977588769979775
1.2005861221114174
0.7151277409866452
1.3853969830088317
0.7649087919853628
1.0778262380044907
0.9242524489527568
0.9141342629445717
0.7655498650856316
1.1368891950696707
0.9814616789808497
1.140605099964887
0.7134766229428351
1.4915258429246023
1.0270160760264844
1.139392515993677
1.1992847699439153
1.0271459110081196
0.9683602929580957
1.174927341984585
0.6659772159764543
1.1369347319705412
1.228483802988194
1.0078526040306315
1.0694011439336464
0.7228928350377828
0.7191696650115773
0.7656259919749573
0.9468980659730732
1.5086150269489735
1.228686553076841
0.8525739199249074
0.7802442610263824
1.3544083359884098
1.1188003029674292
1.0322360830614343
1.1444060730282217
0.7880653670290485
1.1060226310510188
0.6196558939991519
0.8797503509558737
1.0598967919358984
1.2720635069999844
0.7902820610906929
1.109594382927753
1.109560720040463
0.9929612559499219
1.009253062075004
0.9317352439975366
0.8565372040029615
1.1636192699661478
0.9882785370573401
1.3610703569138423
0.7735185459023342
0.8446064969757572
1.5438568691024557
1.44554094504565
1.0801136789377779
1.1885419230675325
1.337279970990494
1.1688283119583502
1.0243447159882635
0.7556757039856166
1.1363938809372485
0.46442539896816015
2.0330846540164202
1.908022032934241
1.2009673150023445
0.726554402965121
1.7339203539304435
2.3585865210043266
2.6296371900243685
0.7183623700402677
0.8437595310388133
0.7588027769234031
1.0156031009973958
0.8414516260381788
0.9046651109820232
0.8643437830032781
0.8644196300301701
1.0912476369412616
1.0409814679296687
0.9635316759813577
1.1557827990036458
1.0937270720023662
1.2958521470427513
0.9699892009375617
0.9280866660410538
0.9916768049588427
1.4608887770446017
0.951660891994834
1.1583639930468053
0.8410106479423121
0.7799139129929245
2.025425439933315
1.1358855060534552
1.1112809809856117
1.0370435370132327
1.216880511958152
1.2326703700236976
1.1461197680328041
0.8431034419918433
1.2912081209942698
0.559411081019789
1.47405253094621
1.2679926690179855
0.7714650719426572
1.0764143959386274
0.7183106871088967
1.3291532390285283
1.3681007199920714
2.4704358000308275
1.2944919189903885
2.1785004229750484
2.6586965430760756
2.736380723072216
2.073575069080107
1.3581872379872948
1.7086122470209375
1.0987320389831439
1.3839873069664463
0.6243877799715847
2.807440178003162
1.7151028770022094
1.8609538259916008
2.41910378402099
2.5768809010041878
2.0135014369152486
1.385279580950737
2.2446614200016484
0.9866939779603854
1.5943572850665078
1.284902221057564
1.887443228974007
1.7464055310701951
2.191430976963602
2.156447058892809
2.0640626159729436
2.9311065319925547
0.9523568600416183
2.457546661957167
2.456433321000077
1.979773405008018
1.919611216057092
1.8073456829879433
1.3656167449662462
1.6127295240294188
1.6438210480846465
1.6739151679212227
1.7511327390093356
2.088043529074639
2.1682788010220975
2.055899078026414
1.9961837329901755
2.0815889360383153
2.2992263190681115
2.516664444003254
2.388725060969591
1.843539391993545
1.591780629940331
2.4899932459229603
1.4833323430502787
2.0418218690901995
1.5688893119804561
1.8604058509226888
2.15076211898122
1.323203110950999
2.539580277982168
2.201796471956186
1.8012921899789944
1.8399299940792844
2.61476714303717
1.8235618509352207
1.777843257994391
2.042878847103566
1.7831435119733214
2.259737638058141
2.3998834629310295
2.282694677938707
3.2103432989679277
2.15564681799151
1.8101329080527648
1.8566982579650357
2.7859081100905314
1.8998638030607253
1.7906755460426211
2.1707059249747545
2.1212328049587086
2.039102738024667
2.2466849309857935
1.7177252079127356
2.1902589009841904
2.2062192409066483
1.39805865008384
2.4626059640431777
2.4664446510141715
1.3783874330110848
1.5656377809355035
2.074518554029055
0.8924810899188742
2.541884551057592
2.3166580750839785
1.3485536819789559
2.1739585739560425
1.5220975370611995
2.6087501069996506
1.9596792299998924
3.0734993600053713
2.1544239670038223
1.9213221879908815
2.151981337927282
2.4328928980976343
1.270784016000107
2.2487533510429785
1.2515050269430503
1.8759851369541138
1.744461429072544
3.187138463021256
1.6724535989342257
1.782033525989391
2.4396541620371863
0.8443578609731048
1.984863159013912
2.294597379048355
1.4445546460337937
2.2679723449982703
1.9469657420413569
1.5714888739166781
0.8682360380189493
1.4286052020033821
1.330554255982861
1.8256165819475427
2.281389903044328
1.1001127309864387
2.028908843989484
0.6150696959812194
1.557365640066564
1.553960807970725
2.0233655420597643
1.9249177569290623
1.027629072079435
1.3129534139297903
1.5072727480437607
1.7353189249988645
2.0391633599065244
1.5791101650102064
1.8140441599534824
2.2048527960432693
2.1772519390797243
2.920986250974238
2.7008200550917536
2.365335703943856
2.0374164199456573
2.7862582949455827
1.7037466139299795
1.6261501549743116
1.3102616609539837
2.7241334250429645
2.8516375579638407
1.5821563620120287
2.009698439971544
2.3158259169431403
2.3144785390468314
2.103495702962391
2.3767186449840665
2.493995359982364
2.057387185981497
1.5637107209768146
2.750259093940258
2.3396241939626634
1.9463491829810664
1.461327170021832
0.9946912940358743
1.6917554950341582
2.159199643996544
1.681309055071324
1.2954877149313688
0.7528001290047541
1.2311696900287643
1.8094731180462986
1.2621171310311183
1.3778889760142192
2.0045852889306843
1.4103238270618021
0.806537130032666
1.5454402409959584
1.6535132019780576
1.212705609970726
1.270792116993107
0.6853719319915399
1.2642153030028567
1.212276506004855
1.8147693219361827
1.8658281189855188
1.5172051559202373
2.4213459689635783
0.8974321379791945
1.5498649659566581
1.3616720390273258
2.395028376020491
1.0463171330047771
0.7398124439641833
1.1561852240702137
1.8470028210431337
1.2540111420676112
1.668495833990164
1.1560489640105516
1.8122236079070717
1.895319230039604
1.3631379380822182
1.768370404955931
1.1767128349747509
2.481062081991695
1.634519933955744
2.0374816519906744
1.3171599539928138
1.0311943299602717
1.7334594710264355
0.6081684690434486
0.7575583460275084
1.407849000999704
1.529419069061987
1.7045171729987487
1.2080815590452403
1.274331463035196
1.0539484800538048
1.5582263640826568
1.123733332962729
1.1493935090256855
2.2690886879572645
1.9446329040220007
1.1964806420728564
1.1379526680102572
1.3450952110579237
1.3063842119881883
1.0374449150403962
1.067767836037092
1.4953755639726296
1.008685810957104
0.8571222630562261
1.061352076008916
0.9075050670653582
0.8474101349711418
0.9538846380310133
1.3160478021018207
1.1083600780693814
0.7817988590104505
0.7030366780236363
1.2966018239967525
1.4031856979709119
1.0430945160333067
1.0560166910290718
1.432367481989786
1.3608541280264035
1.2689907710300758
0.8707526290090755
1.0249088240088895
1.206118390080519
1.3605336969485506
1.0492624799953774
1.4984276979230344
1.2215223039966077
1.7421849520178512
1.1262953199911863
1.2094453489407897
0.9951346470043063
1.2522251600166783
0.6601272409316152
1.1780964609934017
1.3529719109646976
1.2346531640505418
1.2475207219831645
1.178994550020434
1.6681404110277072
1.5735166469821706
1.3539416569983587
0.6825549540808424
1.1094062309712172
1.1351604840019718
1.0922014589887112
1.6023854709928855
1.250576835940592
0.9546205560909584
1.1340118739753962
1.7159881150582805
1.220888285082765
1.215525382081978
1.1177354319952428
1.0321077139815316
1.2135867980541661
1.4476215159520507
1.678917130921036
0.9996813149191439
0.795007660984993
1.2280755810206756
0.9653211480472237
1.092564074904658
1.1594955620821565
1.1875621189828962
0.8440710930153728
1.480183687992394
1.096592450980097
1.3644661790458485
0.613250749069266
1.2663486750097945
1.4636321420548484
0.7578444159589708
1.64232860901393
1.440777070936747
1.1295803049579263
1.369642675970681
1.7277931079734117
1.544561636983417
1.6531179000157863
2.001983074005693
1.1779569169739261
1.10825336095877
1.8522933670319617
1.3940932010300457
1.1600391359534115
1.1174018710153177
1.0291404370218515
1.4633426499785855
0.847559874993749
1.3618916210252792
1.6966819589724764
8.007426223019138
4.189220082014799
6.574937777011655
1.058591250097379
1.8241052160738036
1.3868526159785688
1.8118872520281002
1.547685218974948
1.597226993064396
1.725762892048806
1.9710387060185894
1.299480331945233
1.4219671370228752
1.180534758954309
1.150962212937884
2.229313518037088
1.598657623049803
1.2664859830401838
1.4739041179418564
0.8993514470057562
1.7037767859874293
1.701208024052903
1.6614736419869587
1.6372332680039108
1.8230011649429798
1.3529886730248109
1.425011239014566
1.1610909460578114
1.6504991319961846
2.0573098020395264
1.3645925919990987
1.4225989209953696
0.8967520240694284
1.5990566259715706
1.400550376973115
2.368102955049835
1.8226104030618444
1.509158531902358
1.115556524018757
1.1532199729699641
1.6735579299274832
1.5786749140825123
1.5648294379934669
1.1942689089337364
1.2441173560218886
0.8779203690355644
1.198246160056442
1.6015637180535123
1.2855354020139202
1.8057950660586357
2.134427009965293
1.385793403023854
1.290485053905286
1.4502872880548239
1.988712391932495
1.2977458930108696
1.680050235008821
1.620952217024751
1.6848527310648933
1.7784123950405046
1.3980035450076684
1.1629242789931595
1.4909254169324413
1.4412887979997322
1.5205152139533311
1.3547911370405927
1.9813804540317506
1.5037755849771202
1.0727598810335621
2.1303077719639987
1.6783135619480163
1.342532105045393
1.6778484190581366
1.0560495160752907
1.3570161400130019
1.5550322430208325
1.3213213079143316
1.5270771509967744
0.7748436450492591
1.4804342089919373
1.2623606680426747
1.6478787560481578
1.9475612089736387
1.4326526439981535
1.5476338850567117
1.290146254003048
1.7610242199152708
1.586914369952865
1.7872258049901575
1.5824591250857338
0.7422140060225502
0.8525336219463497
1.4581730680074543
1.9143249989720061
1.8182525869924575
1.2868105650413781
1.603297668043524
1.1273369330447167
1.035950522054918
1.4961510120192543
1.3929237090051174
2.0418721539899707
1.3077817370649427
1.1413774059619755
1.062830755021423
1.9308062150375918
1.3672085670987144
1.762729393900372
1.1753297679824755
1.64209596789442
1.2229411989683285
1.5029334380524233
1.4106335029937327
1.551235112012364
1.32893742993474
1.8643120750784874
1.6566049359971657
1.4524054350331426
1.3143836240051314
1.6380810720147565
1.5902529219165444
1.1509405629476532
1.7307909750379622
1.499577424954623
1.3691650310065597
1.4002521559596062
1.2862294149817899
1.667747552972287
1.4538074290612713
1.3181917199399322
1.3069754189345986
1.659568929928355
1.3580766799859703
0.4634724850766361
0.4571246800478548
0.46741111401934177
0.4549966159975156
0.45646754396148026
0.5469229010632262
0.49287957698106766
0.45735592499841005
0.43940999801270664
0.4704842009814456
0.47482022701296955
0.47763413202483207
0.45837763301096857
0.4528026230400428
0.4702071400824934
0.4546281340299174
0.47114923002664
0.5248333610361442
0.4385559089714661
0.4677496349904686
0.4638556339778006
0.473410899983719
0.4533816759940237
0.46118224901147187
0.4995528410654515
0.46790908300317824
0.4569548259023577
0.45346429909113795
0.4634791200514883
0.4924985220422968
0.47201903304085135
0.505998283973895
0.48785980395041406
0.44539330003317446
0.46522794594056904
0.4568049469962716
0.5010114770848304
0.48287348507437855
0.46427656803280115
0.4568279250524938
0.45407994999550283
0.5128575359703973
0.4658043459057808
0.44070478493813425
0.464033171068877
0.5066452930914238
0.4585236710263416
0.45676485798321664
0.4520997400395572
0.48992075002752244
0.5136838980251923
0.533528949948959
0.47796210704836994
0.48698078200686723
0.46131760196294636
0.47390062594786286
0.4839684570906684
0.4590541849611327
0.4469200309831649
0.521255252067931
0.4753019219497219
0.4562110169790685
0.45589673100039363
0.47742970706894994
0.4838987559778616
0.3883247299818322
0.42110327002592385
0.45534666103776544
0.46644018101505935
0.4823994720354676
0.49687533592805266
0.4705472670029849
0.459807283943519
0.45490554394200444
0.4611164591042325
0.4532532379962504
0.47026273398660123
0.46231277007609606
0.4569141089450568
0.45123866701032966
0.49510939908213913
0.46462039602920413
0.46726437797769904
0.46226716390810907
0.47155193390790373
0.4803489319747314
0.4687823080457747
0.4868756700307131
0.4515589589718729
0.4695729810046032
0.4684058640850708
0.4621488529955968
0.5385633889818564
0.45910027995705605
0.48911191907245666
0.4409904360072687
0.48799243196845055
0.4693326581036672
0.4626517799915746
0.3820975419366732
0.44253532600123435
0.4959473550552502
0.45113397506065667
0.45218047592788935
0.4615854440489784
0.48601145402062684
0.46062344999518245
0.4744803090579808
0.46917320997454226
0.4588853089371696
0.47609301505144686
0.457388260983862
0.48285532696172595
0.4915960340294987
0.46032466902397573
0.48067264701239765
0.4457251860294491
0.472650118987076
0.46638724103104323
0.4320919580059126
0.45066128799226135
0.4600196019746363
0.46058559499215335
0.4556701659457758
0.4709739970276132
0.4541786360787228
0.45505325798876584
0.47044648602604866
0.4532878800528124
0.4903219190891832
0.45850502292159945
0.4496209330391139
0.45854944200254977
0.47162806103006005
0.4590296709211543
0.4117056359536946
0.4861670610262081
0.4403632610337809
0.5247756710741669
0.45626493403688073
0.44892147299833596
0.45486741000786424
0.48478713701479137
0.49603912595193833
0.4618427390232682
0.46380185696762055
0.4745369500014931
0.4631912340410054
0.4984868540195748
0.4550621280213818
0.44831336406059563
0.48403990489896387
0.46015844598878175
0.4693146380595863
0.45432718796655536
0.4601824020501226
0.476692670956254
0.48152142798062414
0.4595719890203327
0.4623573989374563
0.53914712194819
0.5692540929885581
0.4615346679929644
0.47630044305697083
0.46274788200389594
0.5537128710420802
0.6556356080109254
0.6141756570432335
0.47781083011068404
0.46875185694079846
0.46270164696034044
0.41555689403321594
0.48645375901833177
0.4667447580723092
0.4374775589676574
0.46972677193116397
0.48230895795859396
0.4521462538978085
0.8408054540632293
0.8552836219314486
0.7219281169818714
0.8001634849933907
0.6237101799342781
0.9819372979691252
0.877110629924573
1.0812997239409015
0.7691919490462169
0.6123433010652661
0.7059321580454707
0.6664660359965637
0.6956965680001304
0.5208754549967125
0.7404781009536237
0.5310972860315815
0.6453717340482399
0.6245307450881228
0.5410737640922889
0.5862401210470125
0.7948186709545553
0.5807302030734718
0.7354345129569992
0.7967613759683445
0.4956620529992506
0.47331353998743
0.7922737939516082
0.5040877750143409
0.7844591139582917
0.49865160894114524
0.6915817300323397
0.4870063440175727
0.7655111730564386
0.8394425009610131
0.4734764799941331
0.4723075469955802
0.4580740330275148
0.4725049890112132
0.48998444504104555
0.4630731319775805
0.6596206120448187
0.45366132096387446
0.5381813559215516
0.4591371570713818
0.41052022099029273
0.5172020129393786
0.49915732990484685
0.4880287500564009
0.4613998749991879
0.4512016500812024
0.49437941797077656
0.46712881594430655
0.49477877106983215
0.5916762880515307
0.4616450179601088
0.4888183750445023
0.6035153639968485
0.4508588690077886
0.4753117699874565
0.4571728709852323
0.46203969104681164
